-------------------------------------------------------------------------------
Test set: mytest.AppTest
-------------------------------------------------------------------------------
Tests run: 3, Failures: 1, Errors: 0, Skipped: 0, Time elapsed: 0.184 s <<< FAILURE! - in mytest.AppTest
testValue2(mytest.AppTest)  Time elapsed: 0.011 s  <<< FAILURE!
java.lang.AssertionError: expected:<9> but was:<10>
	at mytest.AppTest.testValue2(AppTest.java:31)

